[0.009s] Invoking command in '/home/basestation/ros2_ws/build/drive_drone': CMAKE_PREFIX_PATH=${CMAKE_PREFIX_PATH}:/home/basestation/base_ws/install/ros2_shared:/home/basestation/base_ws/install/robot_pid:/home/basestation/base_ws/install/mocap_fake_radar:/home/basestation/base_ws/install/magnav_viz:/home/basestation/base_ws/install/magnav_pf:/home/basestation/base_ws/install/magnav_entmap:/home/basestation/base_ws/install/mag_mapping:/home/basestation/base_ws/install/info_magnav:/home/basestation/base_ws/install/homography_node:/home/basestation/base_ws/install/drone_launch:/home/basestation/base_ws/install/camera_detector:/home/basestation/base_ws/install/base_launch:/home/basestation/magnav_sim_ws/install/nn_data_collector:/home/basestation/magnav_sim_ws/install/magnav_nn_sim:/opt/ros/humble /usr/bin/cmake --build /home/basestation/ros2_ws/build/drive_drone -- -j24 -l24
[0.056s] [ 25%] Built target p1_a_drive_node
[0.056s] [ 50%] Built target p1_b_tb3_follower
[0.057s] [ 62%] [32mBuilding CXX object CMakeFiles/tb3_circle_mover.dir/src/tb3_circle_mover.cpp.o[0m
[0.057s] [ 87%] Built target tb3_follower_node
[0.075s] [01m[Kcc1plus:[m[K [01;31m[Kfatal error: [m[K/home/basestation/ros2_ws/src/drive_drone/src/tb3_circle_mover.cpp: No such file or directory
[0.076s] compilation terminated.
[0.076s] gmake[2]: *** [CMakeFiles/tb3_circle_mover.dir/build.make:79: CMakeFiles/tb3_circle_mover.dir/src/tb3_circle_mover.cpp.o] Error 1
[0.076s] gmake[1]: *** [CMakeFiles/Makefile2:258: CMakeFiles/tb3_circle_mover.dir/all] Error 2
[0.076s] gmake: *** [Makefile:146: all] Error 2
[0.078s] Invoked command in '/home/basestation/ros2_ws/build/drive_drone' returned '2': CMAKE_PREFIX_PATH=${CMAKE_PREFIX_PATH}:/home/basestation/base_ws/install/ros2_shared:/home/basestation/base_ws/install/robot_pid:/home/basestation/base_ws/install/mocap_fake_radar:/home/basestation/base_ws/install/magnav_viz:/home/basestation/base_ws/install/magnav_pf:/home/basestation/base_ws/install/magnav_entmap:/home/basestation/base_ws/install/mag_mapping:/home/basestation/base_ws/install/info_magnav:/home/basestation/base_ws/install/homography_node:/home/basestation/base_ws/install/drone_launch:/home/basestation/base_ws/install/camera_detector:/home/basestation/base_ws/install/base_launch:/home/basestation/magnav_sim_ws/install/nn_data_collector:/home/basestation/magnav_sim_ws/install/magnav_nn_sim:/opt/ros/humble /usr/bin/cmake --build /home/basestation/ros2_ws/build/drive_drone -- -j24 -l24
