In file included from [01m[K/opt/ros/humble/include/rclcpp/rclcpp/logging.hpp:24[m[K,
                 from [01m[K/opt/ros/humble/include/rclcpp/rclcpp/client.hpp:40[m[K,
                 from [01m[K/opt/ros/humble/include/rclcpp/rclcpp/callback_group.hpp:24[m[K,
                 from [01m[K/opt/ros/humble/include/rclcpp/rclcpp/any_executable.hpp:20[m[K,
                 from [01m[K/opt/ros/humble/include/rclcpp/rclcpp/memory_strategy.hpp:25[m[K,
                 from [01m[K/opt/ros/humble/include/rclcpp/rclcpp/memory_strategies.hpp:18[m[K,
                 from [01m[K/opt/ros/humble/include/rclcpp/rclcpp/executor_options.hpp:20[m[K,
                 from [01m[K/opt/ros/humble/include/rclcpp/rclcpp/executor.hpp:37[m[K,
                 from [01m[K/opt/ros/humble/include/rclcpp/rclcpp/executors/multi_threaded_executor.hpp:25[m[K,
                 from [01m[K/opt/ros/humble/include/rclcpp/rclcpp/executors.hpp:21[m[K,
                 from [01m[K/opt/ros/humble/include/rclcpp/rclcpp/rclcpp.hpp:155[m[K,
                 from [01m[K/home/basestation/ros2_ws/src/drive_drone/src/tb3_road_network_mover.cpp:1[m[K:
[01m[K/home/basestation/ros2_ws/src/drive_drone/src/tb3_road_network_mover.cpp:[m[K In member function â€˜[01m[Kvoid TB3RoadNetworkMover::controlLoop()[m[Kâ€™:
[01m[K/home/basestation/ros2_ws/src/drive_drone/src/tb3_road_network_mover.cpp:322:17:[m[K [01;31m[Kerror: [m[Kâ€˜[01m[Klinear_vel[m[Kâ€™ was not declared in this scope; did you mean â€˜[01m[Kmax_linear_vel_[m[Kâ€™?
  322 |                 [01;31m[Klinear_vel[m[K, angular_vel);
      |                 [01;31m[K^~~~~~~~~~[m[K
[01m[K/home/basestation/ros2_ws/src/drive_drone/src/tb3_road_network_mover.cpp:322:29:[m[K [01;31m[Kerror: [m[Kâ€˜[01m[Kangular_vel[m[Kâ€™ was not declared in this scope; did you mean â€˜[01m[Kmax_angular_vel_[m[Kâ€™?
  322 |                 linear_vel, [01;31m[Kangular_vel[m[K);
      |                             [01;31m[K^~~~~~~~~~~[m[K
gmake[2]: *** [CMakeFiles/tb3_road_network_mover.dir/build.make:79: CMakeFiles/tb3_road_network_mover.dir/src/tb3_road_network_mover.cpp.o] Error 1
gmake[1]: *** [CMakeFiles/Makefile2:258: CMakeFiles/tb3_road_network_mover.dir/all] Error 2
gmake: *** [Makefile:146: all] Error 2
